<?xml version="1.0" encoding="UTF-8" ?>
<testsuite failures="0" time="13.414" errors="0" skipped="0" tests="1" name="TestSuite">
  <properties>
    <property name="java.runtime.name" value="Java(TM) SE Runtime Environment"/>
    <property name="sun.boot.library.path" value="C:\Program Files\Java\jdk1.7.0_11\jre\bin"/>
    <property name="java.vm.version" value="23.6-b04"/>
    <property name="java.vm.vendor" value="Oracle Corporation"/>
    <property name="java.vendor.url" value="http://java.oracle.com/"/>
    <property name="path.separator" value=";"/>
    <property name="java.vm.name" value="Java HotSpot(TM) 64-Bit Server VM"/>
    <property name="file.encoding.pkg" value="sun.io"/>
    <property name="user.script" value=""/>
    <property name="user.country" value="GB"/>
    <property name="sun.java.launcher" value="SUN_STANDARD"/>
    <property name="sun.os.patch.level" value="Service Pack 1"/>
    <property name="java.vm.specification.name" value="Java Virtual Machine Specification"/>
    <property name="user.dir" value="C:\Users\Secondary\Documents\GitHub\Selenium-Maven-Template"/>
    <property name="java.runtime.version" value="1.7.0_11-b21"/>
    <property name="java.awt.graphicsenv" value="sun.awt.Win32GraphicsEnvironment"/>
    <property name="basedir" value="C:\Users\Secondary\Documents\GitHub\Selenium-Maven-Template"/>
    <property name="java.endorsed.dirs" value="C:\Program Files\Java\jdk1.7.0_11\jre\lib\endorsed"/>
    <property name="os.arch" value="amd64"/>
    <property name="surefire.real.class.path" value="C:\Users\SECOND~1\AppData\Local\Temp\surefirebooter2364364363049080106.jar"/>
    <property name="java.io.tmpdir" value="C:\Users\SECOND~1\AppData\Local\Temp\"/>
    <property name="line.separator" value="
"/>
    <property name="java.vm.specification.vendor" value="Oracle Corporation"/>
    <property name="user.variant" value=""/>
    <property name="os.name" value="Windows 7"/>
    <property name="sun.jnu.encoding" value="Cp1252"/>
    <property name="java.library.path" value="C:\Program Files\Java\jdk1.7.0_11\jre\bin;C:\Windows\Sun\Java\bin;C:\Windows\system32;C:\Windows;C:\Program Files (x86)\NVIDIA Corporation\PhysX\Common;%CommonProgramFiles%\Microsoft Shared\Windows Live;C:\Windows\system32;C:\Windows;C:\Windows\System32\Wbem;C:\Windows\System32\WindowsPowerShell\v1.0\;C:\Program Files\apache-maven-3.0.4\bin;C:\Program Files\Java\jdk1.7.0_11\bin;C:\Program Files (x86)\Git\cmd;C:\Program Files\Common Files\Microsoft Shared\Windows Live;C:\Program Files (x86)\OpenVPN\bin;C:\Program Files (x86)\FreeArc\bin;."/>
    <property name="surefire.test.class.path" value="C:\Users\Secondary\Documents\GitHub\Selenium-Maven-Template\target\test-classes;C:\Users\Secondary\Documents\GitHub\Selenium-Maven-Template\target\classes;C:\Users\Secondary\.m2\repository\org\seleniumhq\selenium\selenium-server\2.28.0\selenium-server-2.28.0.jar;C:\Users\Secondary\.m2\repository\org\bouncycastle\bcprov-jdk15on\1.47\bcprov-jdk15on-1.47.jar;C:\Users\Secondary\.m2\repository\org\bouncycastle\bcpkix-jdk15on\1.47\bcpkix-jdk15on-1.47.jar;C:\Users\Secondary\.m2\repository\mx4j\mx4j-tools\3.0.1\mx4j-tools-3.0.1.jar;C:\Users\Secondary\.m2\repository\org\mortbay\jetty\servlet-api-2.5\6.1.9\servlet-api-2.5-6.1.9.jar;C:\Users\Secondary\.m2\repository\org\seleniumhq\selenium\jetty-repacked\7.6.1\jetty-repacked-7.6.1.jar;C:\Users\Secondary\.m2\repository\net\jcip\jcip-annotations\1.0\jcip-annotations-1.0.jar;C:\Users\Secondary\.m2\repository\org\seleniumhq\selenium\selenium-java\2.28.0\selenium-java-2.28.0.jar;C:\Users\Secondary\.m2\repository\org\seleniumhq\selenium\selenium-android-driver\2.28.0\selenium-android-driver-2.28.0.jar;C:\Users\Secondary\.m2\repository\org\seleniumhq\selenium\selenium-remote-driver\2.28.0\selenium-remote-driver-2.28.0.jar;C:\Users\Secondary\.m2\repository\cglib\cglib-nodep\2.1_3\cglib-nodep-2.1_3.jar;C:\Users\Secondary\.m2\repository\org\json\json\20080701\json-20080701.jar;C:\Users\Secondary\.m2\repository\org\seleniumhq\selenium\selenium-chrome-driver\2.28.0\selenium-chrome-driver-2.28.0.jar;C:\Users\Secondary\.m2\repository\org\seleniumhq\selenium\selenium-htmlunit-driver\2.28.0\selenium-htmlunit-driver-2.28.0.jar;C:\Users\Secondary\.m2\repository\org\seleniumhq\selenium\selenium-api\2.28.0\selenium-api-2.28.0.jar;C:\Users\Secondary\.m2\repository\net\sourceforge\htmlunit\htmlunit\2.11\htmlunit-2.11.jar;C:\Users\Secondary\.m2\repository\xalan\xalan\2.7.1\xalan-2.7.1.jar;C:\Users\Secondary\.m2\repository\xalan\serializer\2.7.1\serializer-2.7.1.jar;C:\Users\Secondary\.m2\repository\commons-collections\commons-collections\3.2.1\commons-collections-3.2.1.jar;C:\Users\Secondary\.m2\repository\org\apache\commons\commons-lang3\3.1\commons-lang3-3.1.jar;C:\Users\Secondary\.m2\repository\org\apache\httpcomponents\httpmime\4.2.2\httpmime-4.2.2.jar;C:\Users\Secondary\.m2\repository\net\sourceforge\htmlunit\htmlunit-core-js\2.11\htmlunit-core-js-2.11.jar;C:\Users\Secondary\.m2\repository\xerces\xercesImpl\2.10.0\xercesImpl-2.10.0.jar;C:\Users\Secondary\.m2\repository\xml-apis\xml-apis\1.4.01\xml-apis-1.4.01.jar;C:\Users\Secondary\.m2\repository\net\sourceforge\nekohtml\nekohtml\1.9.17\nekohtml-1.9.17.jar;C:\Users\Secondary\.m2\repository\net\sourceforge\cssparser\cssparser\0.9.8\cssparser-0.9.8.jar;C:\Users\Secondary\.m2\repository\org\w3c\css\sac\1.3\sac-1.3.jar;C:\Users\Secondary\.m2\repository\commons-logging\commons-logging\1.1.1\commons-logging-1.1.1.jar;C:\Users\Secondary\.m2\repository\org\eclipse\jetty\jetty-websocket\8.1.7.v20120910\jetty-websocket-8.1.7.v20120910.jar;C:\Users\Secondary\.m2\repository\org\eclipse\jetty\jetty-util\8.1.7.v20120910\jetty-util-8.1.7.v20120910.jar;C:\Users\Secondary\.m2\repository\org\eclipse\jetty\jetty-io\8.1.7.v20120910\jetty-io-8.1.7.v20120910.jar;C:\Users\Secondary\.m2\repository\org\eclipse\jetty\jetty-http\8.1.7.v20120910\jetty-http-8.1.7.v20120910.jar;C:\Users\Secondary\.m2\repository\org\apache\httpcomponents\httpclient\4.2.1\httpclient-4.2.1.jar;C:\Users\Secondary\.m2\repository\org\apache\httpcomponents\httpcore\4.2.1\httpcore-4.2.1.jar;C:\Users\Secondary\.m2\repository\org\seleniumhq\selenium\selenium-firefox-driver\2.28.0\selenium-firefox-driver-2.28.0.jar;C:\Users\Secondary\.m2\repository\commons-io\commons-io\2.2\commons-io-2.2.jar;C:\Users\Secondary\.m2\repository\org\seleniumhq\selenium\selenium-ie-driver\2.28.0\selenium-ie-driver-2.28.0.jar;C:\Users\Secondary\.m2\repository\net\java\dev\jna\jna\3.4.0\jna-3.4.0.jar;C:\Users\Secondary\.m2\repository\net\java\dev\jna\platform\3.4.0\platform-3.4.0.jar;C:\Users\Secondary\.m2\repository\org\seleniumhq\selenium\selenium-iphone-driver\2.28.0\selenium-iphone-driver-2.28.0.jar;C:\Users\Secondary\.m2\repository\org\seleniumhq\selenium\selenium-safari-driver\2.28.0\selenium-safari-driver-2.28.0.jar;C:\Users\Secondary\.m2\repository\org\seleniumhq\selenium\selenium-support\2.28.0\selenium-support-2.28.0.jar;C:\Users\Secondary\.m2\repository\org\webbitserver\webbit\0.4.14\webbit-0.4.14.jar;C:\Users\Secondary\.m2\repository\io\netty\netty\3.5.2.Final\netty-3.5.2.Final.jar;C:\Users\Secondary\.m2\repository\org\yaml\snakeyaml\1.8\snakeyaml-1.8.jar;C:\Users\Secondary\.m2\repository\commons-codec\commons-codec\1.6\commons-codec-1.6.jar;C:\Users\Secondary\.m2\repository\com\opera\operadriver\0.18\operadriver-0.18.jar;C:\Users\Secondary\.m2\repository\com\opera\operalaunchers\1.1\operalaunchers-1.1.jar;C:\Users\Secondary\.m2\repository\com\google\protobuf\protobuf-java\2.4.1\protobuf-java-2.4.1.jar;C:\Users\Secondary\.m2\repository\com\google\guava\guava\12.0.1\guava-12.0.1.jar;C:\Users\Secondary\.m2\repository\com\google\code\findbugs\jsr305\1.3.9\jsr305-1.3.9.jar;C:\Users\Secondary\.m2\repository\commons-jxpath\commons-jxpath\1.3\commons-jxpath-1.3.jar;C:\Users\Secondary\.m2\repository\org\apache\commons\commons-exec\1.1\commons-exec-1.1.jar;C:\Users\Secondary\.m2\repository\org\ini4j\ini4j\0.5.2\ini4j-0.5.2.jar;C:\Users\Secondary\.m2\repository\org\testng\testng\6.8\testng-6.8.jar;C:\Users\Secondary\.m2\repository\junit\junit\4.10\junit-4.10.jar;C:\Users\Secondary\.m2\repository\org\hamcrest\hamcrest-core\1.1\hamcrest-core-1.1.jar;C:\Users\Secondary\.m2\repository\org\beanshell\bsh\2.0b4\bsh-2.0b4.jar;C:\Users\Secondary\.m2\repository\com\beust\jcommander\1.27\jcommander-1.27.jar;"/>
    <property name="java.specification.name" value="Java Platform API Specification"/>
    <property name="java.class.version" value="51.0"/>
    <property name="sun.management.compiler" value="HotSpot 64-Bit Tiered Compilers"/>
    <property name="os.version" value="6.1"/>
    <property name="user.home" value="C:\Users\Secondary"/>
    <property name="user.timezone" value="Europe/Paris"/>
    <property name="java.awt.printerjob" value="sun.awt.windows.WPrinterJob"/>
    <property name="java.specification.version" value="1.7"/>
    <property name="file.encoding" value="Cp1252"/>
    <property name="user.name" value="Secondary"/>
    <property name="java.class.path" value="C:\Users\Secondary\Documents\GitHub\Selenium-Maven-Template\target\test-classes;C:\Users\Secondary\Documents\GitHub\Selenium-Maven-Template\target\classes;C:\Users\Secondary\.m2\repository\org\seleniumhq\selenium\selenium-server\2.28.0\selenium-server-2.28.0.jar;C:\Users\Secondary\.m2\repository\org\bouncycastle\bcprov-jdk15on\1.47\bcprov-jdk15on-1.47.jar;C:\Users\Secondary\.m2\repository\org\bouncycastle\bcpkix-jdk15on\1.47\bcpkix-jdk15on-1.47.jar;C:\Users\Secondary\.m2\repository\mx4j\mx4j-tools\3.0.1\mx4j-tools-3.0.1.jar;C:\Users\Secondary\.m2\repository\org\mortbay\jetty\servlet-api-2.5\6.1.9\servlet-api-2.5-6.1.9.jar;C:\Users\Secondary\.m2\repository\org\seleniumhq\selenium\jetty-repacked\7.6.1\jetty-repacked-7.6.1.jar;C:\Users\Secondary\.m2\repository\net\jcip\jcip-annotations\1.0\jcip-annotations-1.0.jar;C:\Users\Secondary\.m2\repository\org\seleniumhq\selenium\selenium-java\2.28.0\selenium-java-2.28.0.jar;C:\Users\Secondary\.m2\repository\org\seleniumhq\selenium\selenium-android-driver\2.28.0\selenium-android-driver-2.28.0.jar;C:\Users\Secondary\.m2\repository\org\seleniumhq\selenium\selenium-remote-driver\2.28.0\selenium-remote-driver-2.28.0.jar;C:\Users\Secondary\.m2\repository\cglib\cglib-nodep\2.1_3\cglib-nodep-2.1_3.jar;C:\Users\Secondary\.m2\repository\org\json\json\20080701\json-20080701.jar;C:\Users\Secondary\.m2\repository\org\seleniumhq\selenium\selenium-chrome-driver\2.28.0\selenium-chrome-driver-2.28.0.jar;C:\Users\Secondary\.m2\repository\org\seleniumhq\selenium\selenium-htmlunit-driver\2.28.0\selenium-htmlunit-driver-2.28.0.jar;C:\Users\Secondary\.m2\repository\org\seleniumhq\selenium\selenium-api\2.28.0\selenium-api-2.28.0.jar;C:\Users\Secondary\.m2\repository\net\sourceforge\htmlunit\htmlunit\2.11\htmlunit-2.11.jar;C:\Users\Secondary\.m2\repository\xalan\xalan\2.7.1\xalan-2.7.1.jar;C:\Users\Secondary\.m2\repository\xalan\serializer\2.7.1\serializer-2.7.1.jar;C:\Users\Secondary\.m2\repository\commons-collections\commons-collections\3.2.1\commons-collections-3.2.1.jar;C:\Users\Secondary\.m2\repository\org\apache\commons\commons-lang3\3.1\commons-lang3-3.1.jar;C:\Users\Secondary\.m2\repository\org\apache\httpcomponents\httpmime\4.2.2\httpmime-4.2.2.jar;C:\Users\Secondary\.m2\repository\net\sourceforge\htmlunit\htmlunit-core-js\2.11\htmlunit-core-js-2.11.jar;C:\Users\Secondary\.m2\repository\xerces\xercesImpl\2.10.0\xercesImpl-2.10.0.jar;C:\Users\Secondary\.m2\repository\xml-apis\xml-apis\1.4.01\xml-apis-1.4.01.jar;C:\Users\Secondary\.m2\repository\net\sourceforge\nekohtml\nekohtml\1.9.17\nekohtml-1.9.17.jar;C:\Users\Secondary\.m2\repository\net\sourceforge\cssparser\cssparser\0.9.8\cssparser-0.9.8.jar;C:\Users\Secondary\.m2\repository\org\w3c\css\sac\1.3\sac-1.3.jar;C:\Users\Secondary\.m2\repository\commons-logging\commons-logging\1.1.1\commons-logging-1.1.1.jar;C:\Users\Secondary\.m2\repository\org\eclipse\jetty\jetty-websocket\8.1.7.v20120910\jetty-websocket-8.1.7.v20120910.jar;C:\Users\Secondary\.m2\repository\org\eclipse\jetty\jetty-util\8.1.7.v20120910\jetty-util-8.1.7.v20120910.jar;C:\Users\Secondary\.m2\repository\org\eclipse\jetty\jetty-io\8.1.7.v20120910\jetty-io-8.1.7.v20120910.jar;C:\Users\Secondary\.m2\repository\org\eclipse\jetty\jetty-http\8.1.7.v20120910\jetty-http-8.1.7.v20120910.jar;C:\Users\Secondary\.m2\repository\org\apache\httpcomponents\httpclient\4.2.1\httpclient-4.2.1.jar;C:\Users\Secondary\.m2\repository\org\apache\httpcomponents\httpcore\4.2.1\httpcore-4.2.1.jar;C:\Users\Secondary\.m2\repository\org\seleniumhq\selenium\selenium-firefox-driver\2.28.0\selenium-firefox-driver-2.28.0.jar;C:\Users\Secondary\.m2\repository\commons-io\commons-io\2.2\commons-io-2.2.jar;C:\Users\Secondary\.m2\repository\org\seleniumhq\selenium\selenium-ie-driver\2.28.0\selenium-ie-driver-2.28.0.jar;C:\Users\Secondary\.m2\repository\net\java\dev\jna\jna\3.4.0\jna-3.4.0.jar;C:\Users\Secondary\.m2\repository\net\java\dev\jna\platform\3.4.0\platform-3.4.0.jar;C:\Users\Secondary\.m2\repository\org\seleniumhq\selenium\selenium-iphone-driver\2.28.0\selenium-iphone-driver-2.28.0.jar;C:\Users\Secondary\.m2\repository\org\seleniumhq\selenium\selenium-safari-driver\2.28.0\selenium-safari-driver-2.28.0.jar;C:\Users\Secondary\.m2\repository\org\seleniumhq\selenium\selenium-support\2.28.0\selenium-support-2.28.0.jar;C:\Users\Secondary\.m2\repository\org\webbitserver\webbit\0.4.14\webbit-0.4.14.jar;C:\Users\Secondary\.m2\repository\io\netty\netty\3.5.2.Final\netty-3.5.2.Final.jar;C:\Users\Secondary\.m2\repository\org\yaml\snakeyaml\1.8\snakeyaml-1.8.jar;C:\Users\Secondary\.m2\repository\commons-codec\commons-codec\1.6\commons-codec-1.6.jar;C:\Users\Secondary\.m2\repository\com\opera\operadriver\0.18\operadriver-0.18.jar;C:\Users\Secondary\.m2\repository\com\opera\operalaunchers\1.1\operalaunchers-1.1.jar;C:\Users\Secondary\.m2\repository\com\google\protobuf\protobuf-java\2.4.1\protobuf-java-2.4.1.jar;C:\Users\Secondary\.m2\repository\com\google\guava\guava\12.0.1\guava-12.0.1.jar;C:\Users\Secondary\.m2\repository\com\google\code\findbugs\jsr305\1.3.9\jsr305-1.3.9.jar;C:\Users\Secondary\.m2\repository\commons-jxpath\commons-jxpath\1.3\commons-jxpath-1.3.jar;C:\Users\Secondary\.m2\repository\org\apache\commons\commons-exec\1.1\commons-exec-1.1.jar;C:\Users\Secondary\.m2\repository\org\ini4j\ini4j\0.5.2\ini4j-0.5.2.jar;C:\Users\Secondary\.m2\repository\org\testng\testng\6.8\testng-6.8.jar;C:\Users\Secondary\.m2\repository\junit\junit\4.10\junit-4.10.jar;C:\Users\Secondary\.m2\repository\org\hamcrest\hamcrest-core\1.1\hamcrest-core-1.1.jar;C:\Users\Secondary\.m2\repository\org\beanshell\bsh\2.0b4\bsh-2.0b4.jar;C:\Users\Secondary\.m2\repository\com\beust\jcommander\1.27\jcommander-1.27.jar;"/>
    <property name="java.vm.specification.version" value="1.7"/>
    <property name="sun.arch.data.model" value="64"/>
    <property name="java.home" value="C:\Program Files\Java\jdk1.7.0_11\jre"/>
    <property name="sun.java.command" value="C:\Users\SECOND~1\AppData\Local\Temp\surefirebooter2364364363049080106.jar C:\Users\SECOND~1\AppData\Local\Temp\surefire8455965585259427630tmp C:\Users\SECOND~1\AppData\Local\Temp\surefire6553626503260009490tmp"/>
    <property name="java.specification.vendor" value="Oracle Corporation"/>
    <property name="user.language" value="en"/>
    <property name="awt.toolkit" value="sun.awt.windows.WToolkit"/>
    <property name="java.vm.info" value="mixed mode"/>
    <property name="java.version" value="1.7.0_11"/>
    <property name="java.ext.dirs" value="C:\Program Files\Java\jdk1.7.0_11\jre\lib\ext;C:\Windows\Sun\Java\lib\ext"/>
    <property name="sun.boot.class.path" value="C:\Program Files\Java\jdk1.7.0_11\jre\lib\resources.jar;C:\Program Files\Java\jdk1.7.0_11\jre\lib\rt.jar;C:\Program Files\Java\jdk1.7.0_11\jre\lib\sunrsasign.jar;C:\Program Files\Java\jdk1.7.0_11\jre\lib\jsse.jar;C:\Program Files\Java\jdk1.7.0_11\jre\lib\jce.jar;C:\Program Files\Java\jdk1.7.0_11\jre\lib\charsets.jar;C:\Program Files\Java\jdk1.7.0_11\jre\lib\jfr.jar;C:\Program Files\Java\jdk1.7.0_11\jre\classes"/>
    <property name="java.vendor" value="Oracle Corporation"/>
    <property name="localRepository" value="C:\Users\Secondary\.m2\repository"/>
    <property name="file.separator" value="\"/>
    <property name="java.vendor.url.bug" value="http://bugreport.sun.com/bugreport/"/>
    <property name="sun.cpu.endian" value="little"/>
    <property name="sun.io.unicode.encoding" value="UnicodeLittle"/>
    <property name="sun.desktop" value="windows"/>
    <property name="sun.cpu.isalist" value="amd64"/>
  </properties>
  <testcase time="12.668" classname="com.lazerycode.selenium.Tests.Selenium2ExampleST" name="googleCheeseExample"/>
</testsuite>