<?xml version="1.0" encoding="UTF-8"?>
<!-- Generated by org.testng.reporters.JUnitReportReporter -->
<testsuite hostname="Secondary-PC" name="com.lazerycode.selenium.Tests.Selenium2ExampleST" tests="1" failures="0" timestamp="26 Jan 2013 13:00:33 GMT" time="16.453" errors="0">
  <testcase name="googleCheeseExample" time="16.453" classname="com.lazerycode.selenium.Tests.Selenium2ExampleST"/>
</testsuite> <!-- com.lazerycode.selenium.Tests.Selenium2ExampleST -->
