<?xml version="1.0" encoding="UTF-8"?>
<!-- Generated by org.testng.reporters.JUnitReportReporter -->
<testsuite hostname="Secondary-PC" name="com.lazerycode.selenium.Tests.Selenium2ExampleST" tests="1" failures="0" timestamp="27 Jan 2013 00:08:22 GMT" time="18.904" errors="0">
  <testcase name="googleCheeseExample" time="18.904" classname="com.lazerycode.selenium.Tests.Selenium2ExampleST"/>
</testsuite> <!-- com.lazerycode.selenium.Tests.Selenium2ExampleST -->
